<?xml version="1.0" encoding="UTF-8"?>
<!-- Generated by org.testng.reporters.JUnitReportReporter -->
<testsuite hostname="Lenovo" failures="0" tests="1" name="com.moneycontrol.Pages.HomePage" time="117.496" errors="0" timestamp="2023-03-09T11:59:57 IST" skipped="0">
  <testcase classname="com.moneycontrol.Pages.HomePage" name="login" time="117.496"/>
  <system-out/>
</testsuite> <!-- com.moneycontrol.Pages.HomePage -->
