<?xml version="1.0" encoding="UTF-8"?>
<!-- Generated by org.testng.reporters.JUnitReportReporter -->
<testsuite hostname="Lenovo" failures="0" tests="1" name="com.moneycontrol.Pages.GlobalMarkets" time="151.940" errors="0" timestamp="2023-03-16T13:15:26 IST" skipped="0">
  <testcase classname="com.moneycontrol.Pages.GlobalMarkets" name="globalMarkets" time="151.940"/>
  <system-out/>
</testsuite> <!-- com.moneycontrol.Pages.GlobalMarkets -->
