<?xml version="1.0" encoding="UTF-8"?>
<!-- Generated by org.testng.reporters.JUnitReportReporter -->
<testsuite hostname="Lenovo" failures="0" tests="1" name="com.moneycontrol.Base.Base" time="0.029" errors="0" timestamp="2023-02-21T18:54:44 IST" skipped="0">
  <testcase classname="com.moneycontrol.Base.Base" name="invokeBrowser" time="0.029"/>
  <system-out/>
</testsuite> <!-- com.moneycontrol.Base.Base -->
