<?xml version="1.0" encoding="UTF-8"?>
<!-- Generated by org.testng.reporters.JUnitReportReporter -->
<testsuite hostname="Lenovo" failures="0" tests="1" name="com.moneycontrol.Pages.ReadingExcelFile" time="18.252" errors="0" timestamp="2023-03-21T13:02:00 IST" skipped="0">
  <testcase classname="com.moneycontrol.Pages.ReadingExcelFile" name="readingExcelFile" time="18.252"/>
  <system-out/>
</testsuite> <!-- com.moneycontrol.Pages.ReadingExcelFile -->
