<?xml version="1.0" encoding="UTF-8"?>
<!-- Generated by org.testng.reporters.JUnitReportReporter -->
<testsuite hostname="Lenovo" failures="0" tests="2" name="com.moneycontrol.Testcases.TestRun" time="84.485" errors="0" timestamp="2023-03-16T13:37:31 IST" skipped="1">
  <testcase classname="com.moneycontrol.Testcases.TestRun" name="test2" time="84.485"/>
  <system-out/>
  <testcase classname="com.moneycontrol.Testcases.TestRun" name="test1">
    <skipped/>
  </testcase> <!-- test1 -->
  <system-out/>
</testsuite> <!-- com.moneycontrol.Testcases.TestRun -->
